<?xml version="1.0" encoding="UTF-8"?>
<!-- Generated by org.testng.reporters.JUnitXMLReporter -->
<testsuite ignored="1" hostname="LAPTOP-ED3B4Q90" failures="0" tests="5" name="Incidents" time="23.206" errors="0" timestamp="18 Feb 2023 05:18:38 GMT">
  <testcase classname="services.IncidentTests" name="CreateIncidents1" time="5.175"/>
  <testcase classname="services.IncidentTests" name="getIncidents1" time="4.805"/>
  <testcase classname="services.AnotherIncidentTests" name="CreateIncidents" time="3.81"/>
  <testcase classname="services.AnotherIncidentTests" name="getIncidents" time="4.6"/>
  <testcase classname="io.cucumber.testng.AbstractTestNGCucumberTests" name="runScenario" time="4.517"/>
  <testcase classname="services.BaseRequest" name="@BeforeSuite setUp" time="0.0">
    <ignored/>
  </testcase> <!-- @BeforeSuite setUp -->
</testsuite> <!-- Incidents -->
