<?xml version="1.0" encoding="UTF-8"?>
<!-- Generated by org.testng.reporters.JUnitXMLReporter -->
<testsuite ignored="1" hostname="LAPTOP-ED3B4Q90" failures="0" tests="5" name="Incidents" time="48.254" errors="0" timestamp="10 Sep 2022 08:13:17 GMT">
  <testcase classname="services.IncidentTests" name="CreateIncidents1" time="20.926"/>
  <testcase classname="services.IncidentTests" name="getIncidents1" time="4.652"/>
  <testcase classname="services.AnotherIncidentTests" name="CreateIncidents" time="3.515"/>
  <testcase classname="services.AnotherIncidentTests" name="getIncidents" time="4.072"/>
  <testcase classname="io.cucumber.testng.AbstractTestNGCucumberTests" name="runScenario" time="12.871"/>
  <testcase classname="services.BaseRequest" name="@BeforeSuite setUp" time="0.0">
    <ignored/>
  </testcase> <!-- @BeforeSuite setUp -->
</testsuite> <!-- Incidents -->
