<?xml version="1.0" encoding="UTF-8"?>
<testng-results ignored="1" total="6" passed="5" failed="0" skipped="0">
  <reporter-output>
  </reporter-output>
  <suite started-at="2023-02-18T05:18:15Z" name="Rest-Assured TestNG Tests" finished-at="2023-02-18T05:18:38Z" duration-ms="23206">
    <groups>
      <group name="cucumber">
        <method signature="AbstractTestNGCucumberTests.runScenario(io.cucumber.testng.PickleWrapper, io.cucumber.testng.FeatureWrapper)[pri:0, instance:runner.RunTest@4349754]" name="runScenario" class="io.cucumber.testng.AbstractTestNGCucumberTests"/>
      </group> <!-- cucumber -->
    </groups>
    <test started-at="2023-02-18T05:18:15Z" name="Incidents" finished-at="2023-02-18T05:18:38Z" duration-ms="23206">
      <class name="services.AnotherIncidentTests">
        <test-method signature="CreateIncidents()[pri:0, instance:services.AnotherIncidentTests@2532b351]" started-at="2023-02-18T05:18:25Z" name="CreateIncidents" finished-at="2023-02-18T05:18:28Z" duration-ms="3810" status="PASS">
          <reporter-output>
          </reporter-output>
        </test-method> <!-- CreateIncidents -->
        <test-method signature="getIncidents()[pri:0, instance:services.AnotherIncidentTests@2532b351]" started-at="2023-02-18T05:18:28Z" name="getIncidents" finished-at="2023-02-18T05:18:33Z" duration-ms="4600" status="PASS">
          <reporter-output>
          </reporter-output>
        </test-method> <!-- getIncidents -->
      </class> <!-- services.AnotherIncidentTests -->
      <class name="services.IncidentTests">
        <test-method is-config="true" signature="setUp()[pri:0, instance:services.IncidentTests@2bf94401]" started-at="2023-02-18T05:18:14Z" name="setUp" finished-at="2023-02-18T05:18:15Z" duration-ms="819" status="PASS">
          <reporter-output>
          </reporter-output>
        </test-method> <!-- setUp -->
        <test-method signature="CreateIncidents1()[pri:0, instance:services.IncidentTests@2bf94401]" started-at="2023-02-18T05:18:15Z" name="CreateIncidents1" finished-at="2023-02-18T05:18:20Z" duration-ms="5175" status="PASS">
          <reporter-output>
          </reporter-output>
        </test-method> <!-- CreateIncidents1 -->
        <test-method signature="getIncidents1()[pri:0, instance:services.IncidentTests@2bf94401]" started-at="2023-02-18T05:18:20Z" name="getIncidents1" finished-at="2023-02-18T05:18:25Z" duration-ms="4805" status="PASS">
          <reporter-output>
          </reporter-output>
        </test-method> <!-- getIncidents1 -->
      </class> <!-- services.IncidentTests -->
      <class name="runner.RunTest">
        <test-method is-config="true" signature="setUpClass()[pri:0, instance:runner.RunTest@4349754]" started-at="2023-02-18T05:18:33Z" name="setUpClass" finished-at="2023-02-18T05:18:33Z" duration-ms="163" status="PASS">
          <reporter-output>
          </reporter-output>
        </test-method> <!-- setUpClass -->
        <test-method signature="runScenario(io.cucumber.testng.PickleWrapper, io.cucumber.testng.FeatureWrapper)[pri:0, instance:runner.RunTest@4349754]" started-at="2023-02-18T05:18:33Z" name="runScenario" description="Runs Cucumber Scenarios" data-provider="scenarios" finished-at="2023-02-18T05:18:38Z" duration-ms="4517" status="PASS">
          <params>
            <param index="0">
              <value>
                <![CDATA["Create a new incident with short description"]]>
              </value>
            </param>
            <param index="1">
              <value>
                <![CDATA["Create New Incident"]]>
              </value>
            </param>
          </params>
          <reporter-output>
          </reporter-output>
        </test-method> <!-- runScenario -->
        <test-method is-config="true" signature="tearDownClass()[pri:0, instance:runner.RunTest@4349754]" started-at="2023-02-18T05:18:38Z" name="tearDownClass" finished-at="2023-02-18T05:18:38Z" duration-ms="2" status="PASS">
          <reporter-output>
          </reporter-output>
        </test-method> <!-- tearDownClass -->
      </class> <!-- runner.RunTest -->
    </test> <!-- Incidents -->
  </suite> <!-- Rest-Assured TestNG Tests -->
</testng-results>
