<?xml version="1.0" encoding="UTF-8"?>
<testsuite xmlns:xsi="http://www.w3.org/2001/XMLSchema-instance" xsi:noNamespaceSchemaLocation="https://maven.apache.org/surefire/maven-surefire-plugin/xsd/surefire-test-report.xsd" name="TestSuite" time="25.684" tests="5" errors="0" skipped="0" failures="0">
  <properties>
[...]
</properties>
  <testcase name="CreateIncidents1" classname="services.IncidentTests" time="5.163"/>
  <testcase name="getIncidents1" classname="services.IncidentTests" time="4.806"/>
  <testcase name="CreateIncidents" classname="services.AnotherIncidentTests" time="3.815"/>
  <testcase name="getIncidents" classname="services.AnotherIncidentTests" time="4.602"/>
  <testcase name="runScenario" classname="runner.RunTest" time="4.53"/>
</testsuite>