<?xml version="1.0" encoding="UTF-8"?>
<testng-results ignored="0" total="1" passed="1" failed="0" skipped="0">
  <reporter-output>
  </reporter-output>
  <suite started-at="2023-02-11T23:13:15Z" name="Default suite" finished-at="2023-02-11T23:13:26Z" duration-ms="10171">
    <groups>
      <group name="cucumber">
        <method signature="AbstractTestNGCucumberTests.runScenario(io.cucumber.testng.PickleWrapper, io.cucumber.testng.FeatureWrapper)[pri:0, instance:runner.RunTest@460510aa]" name="runScenario" class="io.cucumber.testng.AbstractTestNGCucumberTests"/>
      </group> <!-- cucumber -->
    </groups>
    <test started-at="2023-02-11T23:13:15Z" name="Default test" finished-at="2023-02-11T23:13:26Z" duration-ms="10171">
      <class name="runner.RunTest">
        <test-method is-config="true" signature="setUpClass()[pri:0, instance:runner.RunTest@460510aa]" started-at="2023-02-11T23:13:15Z" name="setUpClass" finished-at="2023-02-11T23:13:16Z" duration-ms="778" status="PASS">
          <reporter-output>
          </reporter-output>
        </test-method> <!-- setUpClass -->
        <test-method signature="runScenario(io.cucumber.testng.PickleWrapper, io.cucumber.testng.FeatureWrapper)[pri:0, instance:runner.RunTest@460510aa]" started-at="2023-02-11T23:13:16Z" name="runScenario" description="Runs Cucumber Scenarios" data-provider="scenarios" finished-at="2023-02-11T23:13:26Z" duration-ms="9310" status="PASS">
          <params>
            <param index="0">
              <value>
                <![CDATA["Create a new incident with short description"]]>
              </value>
            </param>
            <param index="1">
              <value>
                <![CDATA["Create New Incident"]]>
              </value>
            </param>
          </params>
          <reporter-output>
          </reporter-output>
        </test-method> <!-- runScenario -->
        <test-method is-config="true" signature="tearDownClass()[pri:0, instance:runner.RunTest@460510aa]" started-at="2023-02-11T23:13:26Z" name="tearDownClass" finished-at="2023-02-11T23:13:26Z" duration-ms="2" status="PASS">
          <reporter-output>
          </reporter-output>
        </test-method> <!-- tearDownClass -->
      </class> <!-- runner.RunTest -->
    </test> <!-- Default test -->
  </suite> <!-- Default suite -->
</testng-results>
